G:\PROJECTS\STOP MOTION\SCHEDULE\15-WEK-BOUNDARY-PROCESS\PHOTOMONTAGE\FUSE_1B\TMPFUSE\DEBUG\BASEGLVIEWER.OBJ
G:\PROJECTS\STOP MOTION\SCHEDULE\15-WEK-BOUNDARY-PROCESS\PHOTOMONTAGE\FUSE_1B\TMPFUSE\DEBUG\OLDBLEND.OBJ
G:\PROJECTS\STOP MOTION\SCHEDULE\15-WEK-BOUNDARY-PROCESS\PHOTOMONTAGE\FUSE_1B\TMPFUSE\DEBUG\BLENDFUNCS.OBJ
G:\PROJECTS\STOP MOTION\SCHEDULE\15-WEK-BOUNDARY-PROCESS\PHOTOMONTAGE\FUSE_1B\TMPFUSE\DEBUG\BLEND.OBJ
G:\PROJECTS\STOP MOTION\SCHEDULE\15-WEK-BOUNDARY-PROCESS\PHOTOMONTAGE\FUSE_1B\TMPFUSE\DEBUG\TIMELAPSECUT.OBJ
G:\PROJECTS\STOP MOTION\SCHEDULE\15-WEK-BOUNDARY-PROCESS\PHOTOMONTAGE\FUSE_1B\TMPFUSE\DEBUG\PORTRAITCUT.OBJ
G:\PROJECTS\STOP MOTION\SCHEDULE\15-WEK-BOUNDARY-PROCESS\PHOTOMONTAGE\FUSE_1B\TMPFUSE\DEBUG\PANOCUT.OBJ
G:\PROJECTS\STOP MOTION\SCHEDULE\15-WEK-BOUNDARY-PROCESS\PHOTOMONTAGE\FUSE_1B\TMPFUSE\DEBUG\MAXFLOW.OBJ
G:\PROJECTS\STOP MOTION\SCHEDULE\15-WEK-BOUNDARY-PROCESS\PHOTOMONTAGE\FUSE_1B\TMPFUSE\DEBUG\MAXDIFFCUT.OBJ
G:\PROJECTS\STOP MOTION\SCHEDULE\15-WEK-BOUNDARY-PROCESS\PHOTOMONTAGE\FUSE_1B\TMPFUSE\DEBUG\LUMINANCECUT.OBJ
G:\PROJECTS\STOP MOTION\SCHEDULE\15-WEK-BOUNDARY-PROCESS\PHOTOMONTAGE\FUSE_1B\TMPFUSE\DEBUG\IMAGEDATA.OBJ
G:\PROJECTS\STOP MOTION\SCHEDULE\15-WEK-BOUNDARY-PROCESS\PHOTOMONTAGE\FUSE_1B\TMPFUSE\DEBUG\IMAGECUT.OBJ
G:\PROJECTS\STOP MOTION\SCHEDULE\15-WEK-BOUNDARY-PROCESS\PHOTOMONTAGE\FUSE_1B\TMPFUSE\DEBUG\IMAGE.OBJ
G:\PROJECTS\STOP MOTION\SCHEDULE\15-WEK-BOUNDARY-PROCESS\PHOTOMONTAGE\FUSE_1B\TMPFUSE\DEBUG\HISTOGRAMCUT.OBJ
G:\PROJECTS\STOP MOTION\SCHEDULE\15-WEK-BOUNDARY-PROCESS\PHOTOMONTAGE\FUSE_1B\TMPFUSE\DEBUG\HISTOGRAM.OBJ
G:\PROJECTS\STOP MOTION\SCHEDULE\15-WEK-BOUNDARY-PROCESS\PHOTOMONTAGE\FUSE_1B\TMPFUSE\DEBUG\GRAPH.OBJ
G:\PROJECTS\STOP MOTION\SCHEDULE\15-WEK-BOUNDARY-PROCESS\PHOTOMONTAGE\FUSE_1B\TMPFUSE\DEBUG\DISTANCEMAP.OBJ
G:\PROJECTS\STOP MOTION\SCHEDULE\15-WEK-BOUNDARY-PROCESS\PHOTOMONTAGE\FUSE_1B\TMPFUSE\DEBUG\DIALCUT.OBJ
G:\PROJECTS\STOP MOTION\SCHEDULE\15-WEK-BOUNDARY-PROCESS\PHOTOMONTAGE\FUSE_1B\TMPFUSE\DEBUG\CONTRASTCUT.OBJ
G:\PROJECTS\STOP MOTION\SCHEDULE\15-WEK-BOUNDARY-PROCESS\PHOTOMONTAGE\FUSE_1B\TMPFUSE\DEBUG\COLORCLONECUT.OBJ
G:\PROJECTS\STOP MOTION\SCHEDULE\15-WEK-BOUNDARY-PROCESS\PHOTOMONTAGE\FUSE_1B\TMPFUSE\DEBUG\STEPPABLELINEARSOLVER.OBJ
G:\PROJECTS\STOP MOTION\SCHEDULE\15-WEK-BOUNDARY-PROCESS\PHOTOMONTAGE\FUSE_1B\TMPFUSE\DEBUG\STACKVIEWER.OBJ
G:\PROJECTS\STOP MOTION\SCHEDULE\15-WEK-BOUNDARY-PROCESS\PHOTOMONTAGE\FUSE_1B\TMPFUSE\DEBUG\SORTEDSTACKVIEWER.OBJ
G:\PROJECTS\STOP MOTION\SCHEDULE\15-WEK-BOUNDARY-PROCESS\PHOTOMONTAGE\FUSE_1B\TMPFUSE\DEBUG\MYGLCANVAS.OBJ
G:\PROJECTS\STOP MOTION\SCHEDULE\15-WEK-BOUNDARY-PROCESS\PHOTOMONTAGE\FUSE_1B\TMPFUSE\DEBUG\MYBUSYINFO.OBJ
G:\PROJECTS\STOP MOTION\SCHEDULE\15-WEK-BOUNDARY-PROCESS\PHOTOMONTAGE\FUSE_1B\TMPFUSE\DEBUG\LINEARSOLVER.OBJ
G:\PROJECTS\STOP MOTION\SCHEDULE\15-WEK-BOUNDARY-PROCESS\PHOTOMONTAGE\FUSE_1B\TMPFUSE\DEBUG\IMAGEABS.OBJ
G:\PROJECTS\STOP MOTION\SCHEDULE\15-WEK-BOUNDARY-PROCESS\PHOTOMONTAGE\FUSE_1B\TMPFUSE\DEBUG\HB.OBJ
G:\PROJECTS\STOP MOTION\SCHEDULE\15-WEK-BOUNDARY-PROCESS\PHOTOMONTAGE\FUSE_1B\TMPFUSE\DEBUG\FUSE.OBJ
G:\PROJECTS\STOP MOTION\SCHEDULE\15-WEK-BOUNDARY-PROCESS\PHOTOMONTAGE\FUSE_1B\TMPFUSE\DEBUG\CONSTANTEDITOR.OBJ
G:\PROJECTS\STOP MOTION\SCHEDULE\15-WEK-BOUNDARY-PROCESS\PHOTOMONTAGE\FUSE_1B\TMPFUSE\DEBUG\COMPVIEWER.OBJ
G:\PROJECTS\STOP MOTION\SCHEDULE\15-WEK-BOUNDARY-PROCESS\PHOTOMONTAGE\FUSE_1B\TMPFUSE\DEBUG\BRUSH.OBJ
G:\PROJECTS\STOP MOTION\SCHEDULE\15-WEK-BOUNDARY-PROCESS\PHOTOMONTAGE\FUSE_1B\TMPFUSE\DEBUG\BESTFITAFFINE.OBJ
G:\PROJECTS\STOP MOTION\SCHEDULE\15-WEK-BOUNDARY-PROCESS\PHOTOMONTAGE\FUSE_1B\TMPFUSE\DEBUG\VC110.PDB
G:\PROJECTS\STOP MOTION\SCHEDULE\15-WEK-BOUNDARY-PROCESS\PHOTOMONTAGE\FUSE_1B\TMPFUSE\DEBUG\FUSE.RES
G:\Projects\STOP MOTION\Schedule\15-wek-boundary-process\photomontage\fuse_1b\tmpfuse\Debug\baseGLViewer.obj
G:\Projects\STOP MOTION\Schedule\15-wek-boundary-process\photomontage\fuse_1b\tmpfuse\Debug\bestFitAffine.obj
G:\Projects\STOP MOTION\Schedule\15-wek-boundary-process\photomontage\fuse_1b\tmpfuse\Debug\blend.obj
G:\Projects\STOP MOTION\Schedule\15-wek-boundary-process\photomontage\fuse_1b\tmpfuse\Debug\blendFuncs.obj
G:\Projects\STOP MOTION\Schedule\15-wek-boundary-process\photomontage\fuse_1b\tmpfuse\Debug\brush.obj
G:\Projects\STOP MOTION\Schedule\15-wek-boundary-process\photomontage\fuse_1b\tmpfuse\Debug\colorCloneCut.obj
G:\Projects\STOP MOTION\Schedule\15-wek-boundary-process\photomontage\fuse_1b\tmpfuse\Debug\compViewer.obj
G:\Projects\STOP MOTION\Schedule\15-wek-boundary-process\photomontage\fuse_1b\tmpfuse\Debug\constantEditor.obj
G:\Projects\STOP MOTION\Schedule\15-wek-boundary-process\photomontage\fuse_1b\tmpfuse\Debug\contrastCut.obj
G:\Projects\STOP MOTION\Schedule\15-wek-boundary-process\photomontage\fuse_1b\tmpfuse\Debug\dialCut.obj
G:\Projects\STOP MOTION\Schedule\15-wek-boundary-process\photomontage\fuse_1b\tmpfuse\Debug\distanceMap.obj
G:\Projects\STOP MOTION\Schedule\15-wek-boundary-process\photomontage\fuse_1b\tmpfuse\Debug\fuse.obj
G:\Projects\STOP MOTION\Schedule\15-wek-boundary-process\photomontage\fuse_1b\tmpfuse\Debug\graph.obj
G:\Projects\STOP MOTION\Schedule\15-wek-boundary-process\photomontage\fuse_1b\tmpfuse\Debug\hb.obj
G:\Projects\STOP MOTION\Schedule\15-wek-boundary-process\photomontage\fuse_1b\tmpfuse\Debug\histogram.obj
G:\Projects\STOP MOTION\Schedule\15-wek-boundary-process\photomontage\fuse_1b\tmpfuse\Debug\histogramCut.obj
G:\Projects\STOP MOTION\Schedule\15-wek-boundary-process\photomontage\fuse_1b\tmpfuse\Debug\image.obj
G:\Projects\STOP MOTION\Schedule\15-wek-boundary-process\photomontage\fuse_1b\tmpfuse\Debug\ImageAbs.obj
G:\Projects\STOP MOTION\Schedule\15-wek-boundary-process\photomontage\fuse_1b\tmpfuse\Debug\imageCut.obj
G:\Projects\STOP MOTION\Schedule\15-wek-boundary-process\photomontage\fuse_1b\tmpfuse\Debug\imageData.obj
G:\Projects\STOP MOTION\Schedule\15-wek-boundary-process\photomontage\fuse_1b\tmpfuse\Debug\linearSolver.obj
G:\Projects\STOP MOTION\Schedule\15-wek-boundary-process\photomontage\fuse_1b\tmpfuse\Debug\luminanceCut.obj
G:\Projects\STOP MOTION\Schedule\15-wek-boundary-process\photomontage\fuse_1b\tmpfuse\Debug\maxDiffCut.obj
G:\Projects\STOP MOTION\Schedule\15-wek-boundary-process\photomontage\fuse_1b\tmpfuse\Debug\maxflow.obj
G:\Projects\STOP MOTION\Schedule\15-wek-boundary-process\photomontage\fuse_1b\tmpfuse\Debug\myBusyInfo.obj
G:\Projects\STOP MOTION\Schedule\15-wek-boundary-process\photomontage\fuse_1b\tmpfuse\Debug\myGLCanvas.obj
G:\Projects\STOP MOTION\Schedule\15-wek-boundary-process\photomontage\fuse_1b\tmpfuse\Debug\oldBlend.obj
G:\Projects\STOP MOTION\Schedule\15-wek-boundary-process\photomontage\fuse_1b\tmpfuse\Debug\panoCut.obj
G:\Projects\STOP MOTION\Schedule\15-wek-boundary-process\photomontage\fuse_1b\tmpfuse\Debug\portraitcut.obj
G:\Projects\STOP MOTION\Schedule\15-wek-boundary-process\photomontage\fuse_1b\tmpfuse\Debug\sortedStackViewer.obj
G:\Projects\STOP MOTION\Schedule\15-wek-boundary-process\photomontage\fuse_1b\tmpfuse\Debug\stackViewer.obj
G:\Projects\STOP MOTION\Schedule\15-wek-boundary-process\photomontage\fuse_1b\tmpfuse\Debug\steppableLinearSolver.obj
G:\Projects\STOP MOTION\Schedule\15-wek-boundary-process\photomontage\fuse_1b\tmpfuse\Debug\timelapseCut.obj
G:\Projects\STOP MOTION\Schedule\15-wek-boundary-process\photomontage\fuse_1b\tmpfuse\Debug\cl.command.1.tlog
G:\Projects\STOP MOTION\Schedule\15-wek-boundary-process\photomontage\fuse_1b\tmpfuse\Debug\CL.read.1.tlog
G:\Projects\STOP MOTION\Schedule\15-wek-boundary-process\photomontage\fuse_1b\tmpfuse\Debug\CL.write.1.tlog
G:\Projects\STOP MOTION\Schedule\15-wek-boundary-process\photomontage\fuse_1b\tmpfuse\Debug\link-cvtres.read.1.tlog
G:\Projects\STOP MOTION\Schedule\15-wek-boundary-process\photomontage\fuse_1b\tmpfuse\Debug\link-cvtres.write.1.tlog
G:\Projects\STOP MOTION\Schedule\15-wek-boundary-process\photomontage\fuse_1b\tmpfuse\Debug\link-rc.read.1.tlog
G:\Projects\STOP MOTION\Schedule\15-wek-boundary-process\photomontage\fuse_1b\tmpfuse\Debug\link-rc.write.1.tlog
G:\Projects\STOP MOTION\Schedule\15-wek-boundary-process\photomontage\fuse_1b\tmpfuse\Debug\link.command.1.tlog
G:\Projects\STOP MOTION\Schedule\15-wek-boundary-process\photomontage\fuse_1b\tmpfuse\Debug\link.read.1.tlog
G:\Projects\STOP MOTION\Schedule\15-wek-boundary-process\photomontage\fuse_1b\tmpfuse\Debug\link.write.1.tlog
G:\Projects\STOP MOTION\Schedule\15-wek-boundary-process\photomontage\fuse_1b\tmpfuse\Debug\rc.command.1.tlog
G:\Projects\STOP MOTION\Schedule\15-wek-boundary-process\photomontage\fuse_1b\tmpfuse\Debug\rc.read.1.tlog
G:\Projects\STOP MOTION\Schedule\15-wek-boundary-process\photomontage\fuse_1b\tmpfuse\Debug\rc.write.1.tlog
G:\Projects\STOP MOTION\Schedule\15-wek-boundary-process\photomontage\fuse_1b\tmpfuse\Debug\fuse.res
G:\Projects\STOP MOTION\Schedule\15-wek-boundary-process\photomontage\fuse_1b\tmpfuse\Debug\fuse.pdb
G:\Projects\STOP MOTION\Schedule\15-wek-boundary-process\photomontage\fuse_1b\tmpfuse\Debug\vc110.pdb
